app/build/intermediates/manifest_merge_blame_file/debug/manifest-merger-blame-debug-report.txt
1<?xml version="1.0" encoding="utf-8"?>
2<manifest xmlns:android="http://schemas.android.com/apk/res/android"
3    package="com.example.myapplication"
4    android:versionCode="1"
5    android:versionName="1.0" >
6
7    <uses-sdk
8        android:minSdkVersion="21"
8-->src\main\AndroidManifest.xml
9        android:targetSdkVersion="32" />
9-->src\main\AndroidManifest.xml
10
11    <application
11-->src\main\AndroidManifest.xml:6:5-19:19
12        android:allowBackup="true"
12-->src\main\AndroidManifest.xml:7:9-35
13        android:appComponentFactory="androidx.core.app.CoreComponentFactory"
13-->[androidx.core:core:1.8.0] AndroidManifest.xml:24:18-86
14        android:dataExtractionRules="@xml/data_extraction_rules"
14-->src\main\AndroidManifest.xml:8:9-65
15        android:debuggable="true"
16        android:fullBackupContent="@xml/backup_rules"
16-->src\main\AndroidManifest.xml:9:9-54
17        android:icon="@mipmap/ic_launcher"
17-->src\main\AndroidManifest.xml:10:9-43
18        android:label="@string/app_name"
18-->src\main\AndroidManifest.xml:11:9-41
19        android:roundIcon="@mipmap/ic_launcher_round"
19-->src\main\AndroidManifest.xml:12:9-54
20        android:supportsRtl="true"
20-->src\main\AndroidManifest.xml:13:9-35
21        android:testOnly="true"
22        android:theme="@style/Theme.MyApplication" >
22-->src\main\AndroidManifest.xml:14:9-51
23        <activity
23-->src\main\AndroidManifest.xml:16:9-18:40
24            android:name="com.example.myapplication.Doctor"
24-->src\main\AndroidManifest.xml:17:13-35
25            android:exported="false" />
25-->src\main\AndroidManifest.xml:18:13-37
26
27        <provider
27-->[androidx.emoji2:emoji2:1.2.0] AndroidManifest.xml:24:9-32:20
28            android:name="androidx.startup.InitializationProvider"
28-->[androidx.emoji2:emoji2:1.2.0] AndroidManifest.xml:25:13-67
29            android:authorities="com.example.myapplication.androidx-startup"
29-->[androidx.emoji2:emoji2:1.2.0] AndroidManifest.xml:26:13-68
30            android:exported="false" >
30-->[androidx.emoji2:emoji2:1.2.0] AndroidManifest.xml:27:13-37
31            <meta-data
31-->[androidx.emoji2:emoji2:1.2.0] AndroidManifest.xml:29:13-31:52
32                android:name="androidx.emoji2.text.EmojiCompatInitializer"
32-->[androidx.emoji2:emoji2:1.2.0] AndroidManifest.xml:30:17-75
33                android:value="androidx.startup" />
33-->[androidx.emoji2:emoji2:1.2.0] AndroidManifest.xml:31:17-49
34            <meta-data
34-->[androidx.lifecycle:lifecycle-process:2.4.1] AndroidManifest.xml:31:13-33:52
35                android:name="androidx.lifecycle.ProcessLifecycleInitializer"
35-->[androidx.lifecycle:lifecycle-process:2.4.1] AndroidManifest.xml:32:17-78
36                android:value="androidx.startup" />
36-->[androidx.lifecycle:lifecycle-process:2.4.1] AndroidManifest.xml:33:17-49
37        </provider>
38    </application>
39
40</manifest>